[11.786s] DEBUG:colcon:Command line arguments: ['/usr/bin/colcon', 'build', '--packages-select', 'puzzlebot_ros', '--symlink-install']
[11.787s] DEBUG:colcon:Parsed command line arguments: Namespace(allow_overriding=[], ament_cmake_args=None, base_paths=['.'], build_base='build', catkin_cmake_args=None, catkin_skip_building_tests=False, cmake_args=None, cmake_clean_cache=False, cmake_clean_first=False, cmake_force_configure=False, cmake_target=None, cmake_target_skip_unavailable=False, continue_on_error=False, event_handlers=None, executor='parallel', ignore_user_meta=False, install_base='install', log_base=None, log_level=None, main=<bound method BuildVerb.main of <colcon_core.verb.build.BuildVerb object at 0x7f8a9916a0>>, merge_install=False, metas=['./colcon.meta'], packages_above=None, packages_above_and_dependencies=None, packages_above_depth=None, packages_end=None, packages_ignore=None, packages_ignore_regex=None, packages_select=['puzzlebot_ros'], packages_select_build_failed=False, packages_select_by_dep=None, packages_select_regex=None, packages_select_test_failures=False, packages_skip=None, packages_skip_build_finished=False, packages_skip_by_dep=None, packages_skip_regex=None, packages_skip_test_passed=False, packages_skip_up_to=None, packages_start=None, packages_up_to=None, packages_up_to_regex=None, parallel_workers=4, paths=None, symlink_install=True, test_result_base=None, verb_extension=<colcon_core.verb.build.BuildVerb object at 0x7f8a9916a0>, verb_name='build', verb_parser=<colcon_defaults.argument_parser.defaults.DefaultArgumentsDecorator object at 0x7f8a5bf580>)
[12.327s] Level 1:colcon.colcon_core.package_discovery:discover_packages(colcon_meta) check parameters
[12.327s] Level 1:colcon.colcon_core.package_discovery:discover_packages(recursive) check parameters
[12.328s] Level 1:colcon.colcon_core.package_discovery:discover_packages(ignore) check parameters
[12.328s] Level 1:colcon.colcon_core.package_discovery:discover_packages(path) check parameters
[12.328s] Level 1:colcon.colcon_core.package_discovery:discover_packages(colcon_meta) discover
[12.328s] Level 1:colcon.colcon_core.package_discovery:discover_packages(recursive) discover
[12.328s] INFO:colcon.colcon_core.package_discovery:Crawling recursively for packages in '/home/puzzlebot/ros2_ws'
[12.329s] Level 1:colcon.colcon_core.package_identification:_identify(.) by extensions ['ignore', 'ignore_ament_install']
[12.329s] Level 1:colcon.colcon_core.package_identification:_identify(.) by extension 'ignore'
[12.329s] Level 1:colcon.colcon_core.package_identification:_identify(.) by extension 'ignore_ament_install'
[12.329s] Level 1:colcon.colcon_core.package_identification:_identify(.) by extensions ['colcon_pkg']
[12.330s] Level 1:colcon.colcon_core.package_identification:_identify(.) by extension 'colcon_pkg'
[12.330s] Level 1:colcon.colcon_core.package_identification:_identify(.) by extensions ['colcon_meta']
[12.330s] Level 1:colcon.colcon_core.package_identification:_identify(.) by extension 'colcon_meta'
[12.330s] Level 1:colcon.colcon_core.package_identification:_identify(.) by extensions ['ros']
[12.330s] Level 1:colcon.colcon_core.package_identification:_identify(.) by extension 'ros'
[12.387s] Level 1:colcon.colcon_core.package_identification:_identify(.) by extensions ['cmake', 'python']
[12.388s] Level 1:colcon.colcon_core.package_identification:_identify(.) by extension 'cmake'
[12.388s] Level 1:colcon.colcon_core.package_identification:_identify(.) by extension 'python'
[12.388s] Level 1:colcon.colcon_core.package_identification:_identify(.) by extensions ['python_setup_py']
[12.388s] Level 1:colcon.colcon_core.package_identification:_identify(.) by extension 'python_setup_py'
[12.389s] Level 1:colcon.colcon_core.package_identification:_identify(build) by extensions ['ignore', 'ignore_ament_install']
[12.389s] Level 1:colcon.colcon_core.package_identification:_identify(build) by extension 'ignore'
[12.389s] Level 1:colcon.colcon_core.package_identification:_identify(build) ignored
[12.390s] Level 1:colcon.colcon_core.package_identification:_identify(install) by extensions ['ignore', 'ignore_ament_install']
[12.390s] Level 1:colcon.colcon_core.package_identification:_identify(install) by extension 'ignore'
[12.390s] Level 1:colcon.colcon_core.package_identification:_identify(install) ignored
[12.391s] Level 1:colcon.colcon_core.package_identification:_identify(log) by extensions ['ignore', 'ignore_ament_install']
[12.391s] Level 1:colcon.colcon_core.package_identification:_identify(log) by extension 'ignore'
[12.391s] Level 1:colcon.colcon_core.package_identification:_identify(log) ignored
[12.392s] Level 1:colcon.colcon_core.package_identification:_identify(src) by extensions ['ignore', 'ignore_ament_install']
[12.392s] Level 1:colcon.colcon_core.package_identification:_identify(src) by extension 'ignore'
[12.392s] Level 1:colcon.colcon_core.package_identification:_identify(src) by extension 'ignore_ament_install'
[12.392s] Level 1:colcon.colcon_core.package_identification:_identify(src) by extensions ['colcon_pkg']
[12.393s] Level 1:colcon.colcon_core.package_identification:_identify(src) by extension 'colcon_pkg'
[12.393s] Level 1:colcon.colcon_core.package_identification:_identify(src) by extensions ['colcon_meta']
[12.393s] Level 1:colcon.colcon_core.package_identification:_identify(src) by extension 'colcon_meta'
[12.393s] Level 1:colcon.colcon_core.package_identification:_identify(src) by extensions ['ros']
[12.393s] Level 1:colcon.colcon_core.package_identification:_identify(src) by extension 'ros'
[12.394s] Level 1:colcon.colcon_core.package_identification:_identify(src) by extensions ['cmake', 'python']
[12.394s] Level 1:colcon.colcon_core.package_identification:_identify(src) by extension 'cmake'
[12.394s] Level 1:colcon.colcon_core.package_identification:_identify(src) by extension 'python'
[12.394s] Level 1:colcon.colcon_core.package_identification:_identify(src) by extensions ['python_setup_py']
[12.394s] Level 1:colcon.colcon_core.package_identification:_identify(src) by extension 'python_setup_py'
[12.395s] Level 1:colcon.colcon_core.package_identification:_identify(src/puzzlebot_ros) by extensions ['ignore', 'ignore_ament_install']
[12.395s] Level 1:colcon.colcon_core.package_identification:_identify(src/puzzlebot_ros) by extension 'ignore'
[12.395s] Level 1:colcon.colcon_core.package_identification:_identify(src/puzzlebot_ros) by extension 'ignore_ament_install'
[12.396s] Level 1:colcon.colcon_core.package_identification:_identify(src/puzzlebot_ros) by extensions ['colcon_pkg']
[12.396s] Level 1:colcon.colcon_core.package_identification:_identify(src/puzzlebot_ros) by extension 'colcon_pkg'
[12.396s] Level 1:colcon.colcon_core.package_identification:_identify(src/puzzlebot_ros) by extensions ['colcon_meta']
[12.396s] Level 1:colcon.colcon_core.package_identification:_identify(src/puzzlebot_ros) by extension 'colcon_meta'
[12.396s] Level 1:colcon.colcon_core.package_identification:_identify(src/puzzlebot_ros) by extensions ['ros']
[12.396s] Level 1:colcon.colcon_core.package_identification:_identify(src/puzzlebot_ros) by extension 'ros'
[12.409s] DEBUG:colcon.colcon_core.package_identification:Package 'src/puzzlebot_ros' with type 'ros.ament_python' and name 'puzzlebot_ros'
[12.409s] Level 1:colcon.colcon_core.package_discovery:discover_packages(recursive) using defaults
[12.410s] Level 1:colcon.colcon_core.package_discovery:discover_packages(ignore) discover
[12.410s] Level 1:colcon.colcon_core.package_discovery:discover_packages(ignore) using defaults
[12.410s] Level 1:colcon.colcon_core.package_discovery:discover_packages(path) discover
[12.410s] Level 1:colcon.colcon_core.package_discovery:discover_packages(path) using defaults
[13.456s] Level 1:colcon.colcon_core.package_discovery:discover_packages(prefix_path) check parameters
[13.457s] Level 1:colcon.colcon_core.package_discovery:discover_packages(prefix_path) discover
[13.855s] DEBUG:colcon.colcon_installed_package_information.package_discovery:Found 1 installed packages in /home/puzzlebot/ros2_ws/install
[14.050s] DEBUG:colcon.colcon_installed_package_information.package_discovery:Found 5 installed packages in /home/puzzlebot/ros2_packages_ws/install
[14.250s] DEBUG:colcon.colcon_installed_package_information.package_discovery:Found 276 installed packages in /opt/ros/humble
[14.258s] Level 1:colcon.colcon_core.package_discovery:discover_packages(prefix_path) using defaults
[15.263s] Level 5:colcon.colcon_core.verb:set package 'puzzlebot_ros' build argument 'cmake_args' from command line to 'None'
[15.263s] Level 5:colcon.colcon_core.verb:set package 'puzzlebot_ros' build argument 'cmake_target' from command line to 'None'
[15.263s] Level 5:colcon.colcon_core.verb:set package 'puzzlebot_ros' build argument 'cmake_target_skip_unavailable' from command line to 'False'
[15.263s] Level 5:colcon.colcon_core.verb:set package 'puzzlebot_ros' build argument 'cmake_clean_cache' from command line to 'False'
[15.263s] Level 5:colcon.colcon_core.verb:set package 'puzzlebot_ros' build argument 'cmake_clean_first' from command line to 'False'
[15.264s] Level 5:colcon.colcon_core.verb:set package 'puzzlebot_ros' build argument 'cmake_force_configure' from command line to 'False'
[15.264s] Level 5:colcon.colcon_core.verb:set package 'puzzlebot_ros' build argument 'ament_cmake_args' from command line to 'None'
[15.264s] Level 5:colcon.colcon_core.verb:set package 'puzzlebot_ros' build argument 'catkin_cmake_args' from command line to 'None'
[15.264s] Level 5:colcon.colcon_core.verb:set package 'puzzlebot_ros' build argument 'catkin_skip_building_tests' from command line to 'False'
[15.264s] DEBUG:colcon.colcon_core.verb:Building package 'puzzlebot_ros' with the following arguments: {'ament_cmake_args': None, 'build_base': '/home/puzzlebot/ros2_ws/build/puzzlebot_ros', 'catkin_cmake_args': None, 'catkin_skip_building_tests': False, 'cmake_args': None, 'cmake_clean_cache': False, 'cmake_clean_first': False, 'cmake_force_configure': False, 'cmake_target': None, 'cmake_target_skip_unavailable': False, 'install_base': '/home/puzzlebot/ros2_ws/install/puzzlebot_ros', 'merge_install': False, 'path': '/home/puzzlebot/ros2_ws/src/puzzlebot_ros', 'symlink_install': True, 'test_result_base': None}
[15.455s] INFO:colcon.colcon_core.executor:Executing jobs using 'parallel' executor
[15.649s] DEBUG:colcon.colcon_parallel_executor.executor.parallel:run_until_complete
[15.650s] INFO:colcon.colcon_ros.task.ament_python.build:Building ROS package in '/home/puzzlebot/ros2_ws/src/puzzlebot_ros' with build type 'ament_python'
[15.651s] Level 1:colcon.colcon_core.shell:create_environment_hook('puzzlebot_ros', 'ament_prefix_path')
[15.860s] INFO:colcon.colcon_core.plugin_system:Skipping extension 'colcon_core.shell.bat': Not used on non-Windows systems
[15.861s] INFO:colcon.colcon_core.shell:Creating environment hook '/home/puzzlebot/ros2_ws/install/puzzlebot_ros/share/puzzlebot_ros/hook/ament_prefix_path.ps1'
[15.864s] INFO:colcon.colcon_core.shell:Creating environment descriptor '/home/puzzlebot/ros2_ws/install/puzzlebot_ros/share/puzzlebot_ros/hook/ament_prefix_path.dsv'
[15.869s] INFO:colcon.colcon_core.shell:Creating environment hook '/home/puzzlebot/ros2_ws/install/puzzlebot_ros/share/puzzlebot_ros/hook/ament_prefix_path.sh'
[16.071s] INFO:colcon.colcon_core.shell:Skip shell extension 'powershell' for command environment: Not usable outside of PowerShell
[16.071s] DEBUG:colcon.colcon_core.shell:Skip shell extension 'dsv' for command environment
[17.928s] INFO:colcon.colcon_core.task.python.build:Building Python package in '/home/puzzlebot/ros2_ws/src/puzzlebot_ros'
[18.180s] INFO:colcon.colcon_core.shell:Skip shell extension 'powershell' for command environment: Not usable outside of PowerShell
[18.181s] DEBUG:colcon.colcon_core.shell:Skip shell extension 'dsv' for command environment
[20.907s] DEBUG:colcon.colcon_core.event_handler.log_command:Invoking command in '/home/puzzlebot/ros2_ws/build/puzzlebot_ros': PYTHONPATH=/home/puzzlebot/ros2_ws/build/puzzlebot_ros/prefix_override:/home/puzzlebot/ros2_ws/install/puzzlebot_ros/lib/python3.8/site-packages:${PYTHONPATH} /usr/bin/python3 setup.py develop --editable --build-directory /home/puzzlebot/ros2_ws/build/puzzlebot_ros/build --no-deps install_data
[23.169s] Level 1:colcon.colcon_core.shell:create_environment_hook('puzzlebot_ros', 'pythonpath_develop')
[23.170s] DEBUG:colcon.colcon_core.event_handler.log_command:Invoked command in '/home/puzzlebot/ros2_ws/build/puzzlebot_ros' returned '0': PYTHONPATH=/home/puzzlebot/ros2_ws/build/puzzlebot_ros/prefix_override:/home/puzzlebot/ros2_ws/install/puzzlebot_ros/lib/python3.8/site-packages:${PYTHONPATH} /usr/bin/python3 setup.py develop --editable --build-directory /home/puzzlebot/ros2_ws/build/puzzlebot_ros/build --no-deps install_data
[23.369s] INFO:colcon.colcon_core.shell:Creating environment hook '/home/puzzlebot/ros2_ws/build/puzzlebot_ros/share/puzzlebot_ros/hook/pythonpath_develop.ps1'
[23.371s] INFO:colcon.colcon_core.shell:Creating environment descriptor '/home/puzzlebot/ros2_ws/build/puzzlebot_ros/share/puzzlebot_ros/hook/pythonpath_develop.dsv'
[23.372s] INFO:colcon.colcon_core.shell:Creating environment hook '/home/puzzlebot/ros2_ws/build/puzzlebot_ros/share/puzzlebot_ros/hook/pythonpath_develop.sh'
[23.582s] Level 1:colcon.colcon_core.environment:checking '/home/puzzlebot/ros2_ws/install/puzzlebot_ros' for CMake module files
[23.586s] Level 1:colcon.colcon_core.environment:checking '/home/puzzlebot/ros2_ws/install/puzzlebot_ros' for CMake config files
[23.588s] Level 1:colcon.colcon_core.environment:checking '/home/puzzlebot/ros2_ws/install/puzzlebot_ros/lib'
[23.589s] Level 1:colcon.colcon_core.environment:checking '/home/puzzlebot/ros2_ws/install/puzzlebot_ros/bin'
[23.589s] Level 1:colcon.colcon_core.environment:checking '/home/puzzlebot/ros2_ws/install/puzzlebot_ros/lib/pkgconfig/puzzlebot_ros.pc'
[23.590s] Level 1:colcon.colcon_core.environment:checking '/home/puzzlebot/ros2_ws/install/puzzlebot_ros/lib/python3.8/site-packages'
[23.590s] Level 1:colcon.colcon_core.shell:create_environment_hook('puzzlebot_ros', 'pythonpath')
[23.786s] INFO:colcon.colcon_core.shell:Creating environment hook '/home/puzzlebot/ros2_ws/install/puzzlebot_ros/share/puzzlebot_ros/hook/pythonpath.ps1'
[23.788s] INFO:colcon.colcon_core.shell:Creating environment descriptor '/home/puzzlebot/ros2_ws/install/puzzlebot_ros/share/puzzlebot_ros/hook/pythonpath.dsv'
[23.790s] INFO:colcon.colcon_core.shell:Creating environment hook '/home/puzzlebot/ros2_ws/install/puzzlebot_ros/share/puzzlebot_ros/hook/pythonpath.sh'
[23.792s] Level 1:colcon.colcon_core.environment:checking '/home/puzzlebot/ros2_ws/install/puzzlebot_ros/bin'
[23.792s] Level 1:colcon.colcon_core.environment:create_environment_scripts_only(puzzlebot_ros)
[23.988s] INFO:colcon.colcon_core.shell:Creating package script '/home/puzzlebot/ros2_ws/install/puzzlebot_ros/share/puzzlebot_ros/package.ps1'
[23.993s] INFO:colcon.colcon_core.shell:Creating package descriptor '/home/puzzlebot/ros2_ws/install/puzzlebot_ros/share/puzzlebot_ros/package.dsv'
[23.995s] INFO:colcon.colcon_core.shell:Creating package script '/home/puzzlebot/ros2_ws/install/puzzlebot_ros/share/puzzlebot_ros/package.sh'
[23.998s] INFO:colcon.colcon_core.shell:Creating package script '/home/puzzlebot/ros2_ws/install/puzzlebot_ros/share/puzzlebot_ros/package.bash'
[24.001s] INFO:colcon.colcon_core.shell:Creating package script '/home/puzzlebot/ros2_ws/install/puzzlebot_ros/share/puzzlebot_ros/package.zsh'
[24.004s] Level 1:colcon.colcon_core.environment:create_file_with_runtime_dependencies(/home/puzzlebot/ros2_ws/install/puzzlebot_ros/share/colcon-core/packages/puzzlebot_ros)
[24.005s] DEBUG:colcon.colcon_parallel_executor.executor.parallel:closing loop
[24.006s] DEBUG:colcon.colcon_parallel_executor.executor.parallel:loop closed
[24.006s] DEBUG:colcon.colcon_parallel_executor.executor.parallel:run_until_complete finished with '0'
[24.006s] DEBUG:colcon.colcon_core.event_reactor:joining thread
[24.222s] INFO:colcon.colcon_core.plugin_system:Skipping extension 'colcon_notification.desktop_notification.terminal_notifier': Not used on non-Darwin systems
[24.222s] INFO:colcon.colcon_core.plugin_system:Skipping extension 'colcon_notification.desktop_notification.win32': Not used on non-Windows systems
[24.222s] INFO:colcon.colcon_notification.desktop_notification:Sending desktop notification using 'notify2'
[24.272s] DEBUG:colcon.colcon_core.event_reactor:joined thread
[24.488s] INFO:colcon.colcon_core.shell:Creating prefix script '/home/puzzlebot/ros2_ws/install/local_setup.ps1'
[24.491s] INFO:colcon.colcon_core.shell:Creating prefix util module '/home/puzzlebot/ros2_ws/install/_local_setup_util_ps1.py'
[24.497s] INFO:colcon.colcon_core.shell:Creating prefix chain script '/home/puzzlebot/ros2_ws/install/setup.ps1'
[24.700s] INFO:colcon.colcon_core.shell:Creating prefix script '/home/puzzlebot/ros2_ws/install/local_setup.sh'
[24.702s] INFO:colcon.colcon_core.shell:Creating prefix util module '/home/puzzlebot/ros2_ws/install/_local_setup_util_sh.py'
[24.704s] INFO:colcon.colcon_core.shell:Creating prefix chain script '/home/puzzlebot/ros2_ws/install/setup.sh'
[24.905s] INFO:colcon.colcon_core.shell:Creating prefix script '/home/puzzlebot/ros2_ws/install/local_setup.bash'
[24.907s] INFO:colcon.colcon_core.shell:Creating prefix chain script '/home/puzzlebot/ros2_ws/install/setup.bash'
[25.111s] INFO:colcon.colcon_core.shell:Creating prefix script '/home/puzzlebot/ros2_ws/install/local_setup.zsh'
[25.113s] INFO:colcon.colcon_core.shell:Creating prefix chain script '/home/puzzlebot/ros2_ws/install/setup.zsh'
