running egg_info
creating ../build/week2_puzzlebot_control/week2_puzzlebot_control.egg-info
writing ../build/week2_puzzlebot_control/week2_puzzlebot_control.egg-info/PKG-INFO
writing dependency_links to ../build/week2_puzzlebot_control/week2_puzzlebot_control.egg-info/dependency_links.txt
writing entry points to ../build/week2_puzzlebot_control/week2_puzzlebot_control.egg-info/entry_points.txt
writing requirements to ../build/week2_puzzlebot_control/week2_puzzlebot_control.egg-info/requires.txt
writing top-level names to ../build/week2_puzzlebot_control/week2_puzzlebot_control.egg-info/top_level.txt
writing manifest file '../build/week2_puzzlebot_control/week2_puzzlebot_control.egg-info/SOURCES.txt'
reading manifest file '../build/week2_puzzlebot_control/week2_puzzlebot_control.egg-info/SOURCES.txt'
writing manifest file '../build/week2_puzzlebot_control/week2_puzzlebot_control.egg-info/SOURCES.txt'
running build
running build_py
creating /root/dev_ws/src/manchester/te3002b_intelligent_robotics/week2/build/week2_puzzlebot_control/build
creating /root/dev_ws/src/manchester/te3002b_intelligent_robotics/week2/build/week2_puzzlebot_control/build/lib
creating /root/dev_ws/src/manchester/te3002b_intelligent_robotics/week2/build/week2_puzzlebot_control/build/lib/week2_puzzlebot_control
copying week2_puzzlebot_control/waypoint_follower.py -> /root/dev_ws/src/manchester/te3002b_intelligent_robotics/week2/build/week2_puzzlebot_control/build/lib/week2_puzzlebot_control
copying week2_puzzlebot_control/path_generator.py -> /root/dev_ws/src/manchester/te3002b_intelligent_robotics/week2/build/week2_puzzlebot_control/build/lib/week2_puzzlebot_control
copying week2_puzzlebot_control/open_loop_square.py -> /root/dev_ws/src/manchester/te3002b_intelligent_robotics/week2/build/week2_puzzlebot_control/build/lib/week2_puzzlebot_control
copying week2_puzzlebot_control/__init__.py -> /root/dev_ws/src/manchester/te3002b_intelligent_robotics/week2/build/week2_puzzlebot_control/build/lib/week2_puzzlebot_control
running install
running install_lib
creating /root/dev_ws/src/manchester/te3002b_intelligent_robotics/week2/install/week2_puzzlebot_control/lib/python3.10/site-packages/week2_puzzlebot_control
copying /root/dev_ws/src/manchester/te3002b_intelligent_robotics/week2/build/week2_puzzlebot_control/build/lib/week2_puzzlebot_control/waypoint_follower.py -> /root/dev_ws/src/manchester/te3002b_intelligent_robotics/week2/install/week2_puzzlebot_control/lib/python3.10/site-packages/week2_puzzlebot_control
copying /root/dev_ws/src/manchester/te3002b_intelligent_robotics/week2/build/week2_puzzlebot_control/build/lib/week2_puzzlebot_control/path_generator.py -> /root/dev_ws/src/manchester/te3002b_intelligent_robotics/week2/install/week2_puzzlebot_control/lib/python3.10/site-packages/week2_puzzlebot_control
copying /root/dev_ws/src/manchester/te3002b_intelligent_robotics/week2/build/week2_puzzlebot_control/build/lib/week2_puzzlebot_control/open_loop_square.py -> /root/dev_ws/src/manchester/te3002b_intelligent_robotics/week2/install/week2_puzzlebot_control/lib/python3.10/site-packages/week2_puzzlebot_control
copying /root/dev_ws/src/manchester/te3002b_intelligent_robotics/week2/build/week2_puzzlebot_control/build/lib/week2_puzzlebot_control/__init__.py -> /root/dev_ws/src/manchester/te3002b_intelligent_robotics/week2/install/week2_puzzlebot_control/lib/python3.10/site-packages/week2_puzzlebot_control
byte-compiling /root/dev_ws/src/manchester/te3002b_intelligent_robotics/week2/install/week2_puzzlebot_control/lib/python3.10/site-packages/week2_puzzlebot_control/waypoint_follower.py to waypoint_follower.cpython-310.pyc
byte-compiling /root/dev_ws/src/manchester/te3002b_intelligent_robotics/week2/install/week2_puzzlebot_control/lib/python3.10/site-packages/week2_puzzlebot_control/path_generator.py to path_generator.cpython-310.pyc
byte-compiling /root/dev_ws/src/manchester/te3002b_intelligent_robotics/week2/install/week2_puzzlebot_control/lib/python3.10/site-packages/week2_puzzlebot_control/open_loop_square.py to open_loop_square.cpython-310.pyc
byte-compiling /root/dev_ws/src/manchester/te3002b_intelligent_robotics/week2/install/week2_puzzlebot_control/lib/python3.10/site-packages/week2_puzzlebot_control/__init__.py to __init__.cpython-310.pyc
running install_data
creating /root/dev_ws/src/manchester/te3002b_intelligent_robotics/week2/install/week2_puzzlebot_control/share/ament_index
creating /root/dev_ws/src/manchester/te3002b_intelligent_robotics/week2/install/week2_puzzlebot_control/share/ament_index/resource_index
creating /root/dev_ws/src/manchester/te3002b_intelligent_robotics/week2/install/week2_puzzlebot_control/share/ament_index/resource_index/packages
copying resource/week2_puzzlebot_control -> /root/dev_ws/src/manchester/te3002b_intelligent_robotics/week2/install/week2_puzzlebot_control/share/ament_index/resource_index/packages
copying package.xml -> /root/dev_ws/src/manchester/te3002b_intelligent_robotics/week2/install/week2_puzzlebot_control/share/week2_puzzlebot_control
creating /root/dev_ws/src/manchester/te3002b_intelligent_robotics/week2/install/week2_puzzlebot_control/share/week2_puzzlebot_control/launch
copying launch/mini_challenge.launch.py -> /root/dev_ws/src/manchester/te3002b_intelligent_robotics/week2/install/week2_puzzlebot_control/share/week2_puzzlebot_control/launch
running install_egg_info
Copying ../build/week2_puzzlebot_control/week2_puzzlebot_control.egg-info to /root/dev_ws/src/manchester/te3002b_intelligent_robotics/week2/install/week2_puzzlebot_control/lib/python3.10/site-packages/week2_puzzlebot_control-0.0.0-py3.10.egg-info
running install_scripts
Installing open_loop_square script to /root/dev_ws/src/manchester/te3002b_intelligent_robotics/week2/install/week2_puzzlebot_control/lib/week2_puzzlebot_control
Installing path_generator script to /root/dev_ws/src/manchester/te3002b_intelligent_robotics/week2/install/week2_puzzlebot_control/lib/week2_puzzlebot_control
Installing waypoint_follower script to /root/dev_ws/src/manchester/te3002b_intelligent_robotics/week2/install/week2_puzzlebot_control/lib/week2_puzzlebot_control
writing list of installed files to '/root/dev_ws/src/manchester/te3002b_intelligent_robotics/week2/build/week2_puzzlebot_control/install.log'
