[0.466s] Invoking command in '/root/dev_ws/src/manchester/te3002b_intelligent_robotics/week2/week2_puzzlebot_control': PYTHONPATH=/root/dev_ws/src/manchester/te3002b_intelligent_robotics/week2/build/week2_puzzlebot_control/prefix_override:/usr/lib/python3/dist-packages/colcon_core/task/python/colcon_distutils_commands:/root/dev_ws/src/manchester/te3002b_intelligent_robotics/week2/install/week2_puzzlebot_control/lib/python3.10/site-packages:${PYTHONPATH} /usr/bin/python3 -W ignore:setup.py install is deprecated -W ignore:easy_install command is deprecated setup.py egg_info --egg-base ../build/week2_puzzlebot_control build --build-base /root/dev_ws/src/manchester/te3002b_intelligent_robotics/week2/build/week2_puzzlebot_control/build install --record /root/dev_ws/src/manchester/te3002b_intelligent_robotics/week2/build/week2_puzzlebot_control/install.log --single-version-externally-managed install_data
[0.619s] running egg_info
[0.619s] creating ../build/week2_puzzlebot_control/week2_puzzlebot_control.egg-info
[0.619s] writing ../build/week2_puzzlebot_control/week2_puzzlebot_control.egg-info/PKG-INFO
[0.620s] writing dependency_links to ../build/week2_puzzlebot_control/week2_puzzlebot_control.egg-info/dependency_links.txt
[0.620s] writing entry points to ../build/week2_puzzlebot_control/week2_puzzlebot_control.egg-info/entry_points.txt
[0.620s] writing requirements to ../build/week2_puzzlebot_control/week2_puzzlebot_control.egg-info/requires.txt
[0.620s] writing top-level names to ../build/week2_puzzlebot_control/week2_puzzlebot_control.egg-info/top_level.txt
[0.620s] writing manifest file '../build/week2_puzzlebot_control/week2_puzzlebot_control.egg-info/SOURCES.txt'
[0.621s] reading manifest file '../build/week2_puzzlebot_control/week2_puzzlebot_control.egg-info/SOURCES.txt'
[0.621s] writing manifest file '../build/week2_puzzlebot_control/week2_puzzlebot_control.egg-info/SOURCES.txt'
[0.621s] running build
[0.621s] running build_py
[0.621s] creating /root/dev_ws/src/manchester/te3002b_intelligent_robotics/week2/build/week2_puzzlebot_control/build
[0.621s] creating /root/dev_ws/src/manchester/te3002b_intelligent_robotics/week2/build/week2_puzzlebot_control/build/lib
[0.621s] creating /root/dev_ws/src/manchester/te3002b_intelligent_robotics/week2/build/week2_puzzlebot_control/build/lib/week2_puzzlebot_control
[0.621s] copying week2_puzzlebot_control/waypoint_follower.py -> /root/dev_ws/src/manchester/te3002b_intelligent_robotics/week2/build/week2_puzzlebot_control/build/lib/week2_puzzlebot_control
[0.622s] copying week2_puzzlebot_control/path_generator.py -> /root/dev_ws/src/manchester/te3002b_intelligent_robotics/week2/build/week2_puzzlebot_control/build/lib/week2_puzzlebot_control
[0.622s] copying week2_puzzlebot_control/open_loop_square.py -> /root/dev_ws/src/manchester/te3002b_intelligent_robotics/week2/build/week2_puzzlebot_control/build/lib/week2_puzzlebot_control
[0.622s] copying week2_puzzlebot_control/__init__.py -> /root/dev_ws/src/manchester/te3002b_intelligent_robotics/week2/build/week2_puzzlebot_control/build/lib/week2_puzzlebot_control
[0.622s] running install
[0.622s] running install_lib
[0.623s] creating /root/dev_ws/src/manchester/te3002b_intelligent_robotics/week2/install/week2_puzzlebot_control/lib/python3.10/site-packages/week2_puzzlebot_control
[0.623s] copying /root/dev_ws/src/manchester/te3002b_intelligent_robotics/week2/build/week2_puzzlebot_control/build/lib/week2_puzzlebot_control/waypoint_follower.py -> /root/dev_ws/src/manchester/te3002b_intelligent_robotics/week2/install/week2_puzzlebot_control/lib/python3.10/site-packages/week2_puzzlebot_control
[0.623s] copying /root/dev_ws/src/manchester/te3002b_intelligent_robotics/week2/build/week2_puzzlebot_control/build/lib/week2_puzzlebot_control/path_generator.py -> /root/dev_ws/src/manchester/te3002b_intelligent_robotics/week2/install/week2_puzzlebot_control/lib/python3.10/site-packages/week2_puzzlebot_control
[0.623s] copying /root/dev_ws/src/manchester/te3002b_intelligent_robotics/week2/build/week2_puzzlebot_control/build/lib/week2_puzzlebot_control/open_loop_square.py -> /root/dev_ws/src/manchester/te3002b_intelligent_robotics/week2/install/week2_puzzlebot_control/lib/python3.10/site-packages/week2_puzzlebot_control
[0.623s] copying /root/dev_ws/src/manchester/te3002b_intelligent_robotics/week2/build/week2_puzzlebot_control/build/lib/week2_puzzlebot_control/__init__.py -> /root/dev_ws/src/manchester/te3002b_intelligent_robotics/week2/install/week2_puzzlebot_control/lib/python3.10/site-packages/week2_puzzlebot_control
[0.623s] byte-compiling /root/dev_ws/src/manchester/te3002b_intelligent_robotics/week2/install/week2_puzzlebot_control/lib/python3.10/site-packages/week2_puzzlebot_control/waypoint_follower.py to waypoint_follower.cpython-310.pyc
[0.624s] byte-compiling /root/dev_ws/src/manchester/te3002b_intelligent_robotics/week2/install/week2_puzzlebot_control/lib/python3.10/site-packages/week2_puzzlebot_control/path_generator.py to path_generator.cpython-310.pyc
[0.625s] byte-compiling /root/dev_ws/src/manchester/te3002b_intelligent_robotics/week2/install/week2_puzzlebot_control/lib/python3.10/site-packages/week2_puzzlebot_control/open_loop_square.py to open_loop_square.cpython-310.pyc
[0.625s] byte-compiling /root/dev_ws/src/manchester/te3002b_intelligent_robotics/week2/install/week2_puzzlebot_control/lib/python3.10/site-packages/week2_puzzlebot_control/__init__.py to __init__.cpython-310.pyc
[0.625s] running install_data
[0.625s] creating /root/dev_ws/src/manchester/te3002b_intelligent_robotics/week2/install/week2_puzzlebot_control/share/ament_index
[0.625s] creating /root/dev_ws/src/manchester/te3002b_intelligent_robotics/week2/install/week2_puzzlebot_control/share/ament_index/resource_index
[0.626s] creating /root/dev_ws/src/manchester/te3002b_intelligent_robotics/week2/install/week2_puzzlebot_control/share/ament_index/resource_index/packages
[0.626s] copying resource/week2_puzzlebot_control -> /root/dev_ws/src/manchester/te3002b_intelligent_robotics/week2/install/week2_puzzlebot_control/share/ament_index/resource_index/packages
[0.626s] copying package.xml -> /root/dev_ws/src/manchester/te3002b_intelligent_robotics/week2/install/week2_puzzlebot_control/share/week2_puzzlebot_control
[0.626s] creating /root/dev_ws/src/manchester/te3002b_intelligent_robotics/week2/install/week2_puzzlebot_control/share/week2_puzzlebot_control/launch
[0.626s] copying launch/mini_challenge.launch.py -> /root/dev_ws/src/manchester/te3002b_intelligent_robotics/week2/install/week2_puzzlebot_control/share/week2_puzzlebot_control/launch
[0.626s] running install_egg_info
[0.627s] Copying ../build/week2_puzzlebot_control/week2_puzzlebot_control.egg-info to /root/dev_ws/src/manchester/te3002b_intelligent_robotics/week2/install/week2_puzzlebot_control/lib/python3.10/site-packages/week2_puzzlebot_control-0.0.0-py3.10.egg-info
[0.627s] running install_scripts
[0.641s] Installing open_loop_square script to /root/dev_ws/src/manchester/te3002b_intelligent_robotics/week2/install/week2_puzzlebot_control/lib/week2_puzzlebot_control
[0.641s] Installing path_generator script to /root/dev_ws/src/manchester/te3002b_intelligent_robotics/week2/install/week2_puzzlebot_control/lib/week2_puzzlebot_control
[0.641s] Installing waypoint_follower script to /root/dev_ws/src/manchester/te3002b_intelligent_robotics/week2/install/week2_puzzlebot_control/lib/week2_puzzlebot_control
[0.641s] writing list of installed files to '/root/dev_ws/src/manchester/te3002b_intelligent_robotics/week2/build/week2_puzzlebot_control/install.log'
[0.654s] Invoked command in '/root/dev_ws/src/manchester/te3002b_intelligent_robotics/week2/week2_puzzlebot_control' returned '0': PYTHONPATH=/root/dev_ws/src/manchester/te3002b_intelligent_robotics/week2/build/week2_puzzlebot_control/prefix_override:/usr/lib/python3/dist-packages/colcon_core/task/python/colcon_distutils_commands:/root/dev_ws/src/manchester/te3002b_intelligent_robotics/week2/install/week2_puzzlebot_control/lib/python3.10/site-packages:${PYTHONPATH} /usr/bin/python3 -W ignore:setup.py install is deprecated -W ignore:easy_install command is deprecated setup.py egg_info --egg-base ../build/week2_puzzlebot_control build --build-base /root/dev_ws/src/manchester/te3002b_intelligent_robotics/week2/build/week2_puzzlebot_control/build install --record /root/dev_ws/src/manchester/te3002b_intelligent_robotics/week2/build/week2_puzzlebot_control/install.log --single-version-externally-managed install_data
