running develop
Removing /home/puzzlebot/ros2_ws/install/puzzlebot_ros/lib/python3.8/site-packages/puzzlebot-ros.egg-link (link to .)
running egg_info
writing ../../build/puzzlebot_ros/puzzlebot_ros.egg-info/PKG-INFO
writing dependency_links to ../../build/puzzlebot_ros/puzzlebot_ros.egg-info/dependency_links.txt
writing entry points to ../../build/puzzlebot_ros/puzzlebot_ros.egg-info/entry_points.txt
writing requirements to ../../build/puzzlebot_ros/puzzlebot_ros.egg-info/requires.txt
writing top-level names to ../../build/puzzlebot_ros/puzzlebot_ros.egg-info/top_level.txt
reading manifest file '../../build/puzzlebot_ros/puzzlebot_ros.egg-info/SOURCES.txt'
writing manifest file '../../build/puzzlebot_ros/puzzlebot_ros.egg-info/SOURCES.txt'
running build
running build_py
creating /home/puzzlebot/ros2_ws/build/puzzlebot_ros/build
creating /home/puzzlebot/ros2_ws/build/puzzlebot_ros/build/lib
creating /home/puzzlebot/ros2_ws/build/puzzlebot_ros/build/lib/puzzlebot_ros
copying puzzlebot_ros/__init__.py -> /home/puzzlebot/ros2_ws/build/puzzlebot_ros/build/lib/puzzlebot_ros
running install
running install_lib
creating /home/puzzlebot/ros2_ws/install/puzzlebot_ros/lib/python3.8/site-packages/puzzlebot_ros
copying /home/puzzlebot/ros2_ws/build/puzzlebot_ros/build/lib/puzzlebot_ros/__init__.py -> /home/puzzlebot/ros2_ws/install/puzzlebot_ros/lib/python3.8/site-packages/puzzlebot_ros
byte-compiling /home/puzzlebot/ros2_ws/install/puzzlebot_ros/lib/python3.8/site-packages/puzzlebot_ros/__init__.py to __init__.cpython-38.pyc
running install_data
copying resource/puzzlebot_ros -> /home/puzzlebot/ros2_ws/install/puzzlebot_ros/share/ament_index/resource_index/packages
copying package.xml -> /home/puzzlebot/ros2_ws/install/puzzlebot_ros/share/puzzlebot_ros
running install_egg_info
Copying ../../build/puzzlebot_ros/puzzlebot_ros.egg-info to /home/puzzlebot/ros2_ws/install/puzzlebot_ros/lib/python3.8/site-packages/puzzlebot_ros-0.0.0-py3.8.egg-info
running install_scripts
writing list of installed files to '/home/puzzlebot/ros2_ws/build/puzzlebot_ros/install.log'
