[6.126s] Invoking command in '/home/puzzlebot/ros2_ws/build/puzzlebot_ros': PYTHONPATH=/home/puzzlebot/ros2_ws/build/puzzlebot_ros/prefix_override:/home/puzzlebot/ros2_ws/install/puzzlebot_ros/lib/python3.8/site-packages:${PYTHONPATH} /usr/bin/python3 setup.py develop --uninstall --editable --build-directory /home/puzzlebot/ros2_ws/build/puzzlebot_ros/build
[7.360s] running develop
[8.227s] Removing /home/puzzlebot/ros2_ws/install/puzzlebot_ros/lib/python3.8/site-packages/puzzlebot-ros.egg-link (link to .)
[8.556s] Invoked command in '/home/puzzlebot/ros2_ws/build/puzzlebot_ros' returned '0': PYTHONPATH=/home/puzzlebot/ros2_ws/build/puzzlebot_ros/prefix_override:/home/puzzlebot/ros2_ws/install/puzzlebot_ros/lib/python3.8/site-packages:${PYTHONPATH} /usr/bin/python3 setup.py develop --uninstall --editable --build-directory /home/puzzlebot/ros2_ws/build/puzzlebot_ros/build
[8.566s] Invoking command in '/home/puzzlebot/ros2_ws/src/puzzlebot_ros': PYTHONPATH=/home/puzzlebot/ros2_ws/build/puzzlebot_ros/prefix_override:/home/puzzlebot/ros2_ws/install/puzzlebot_ros/lib/python3.8/site-packages:${PYTHONPATH} /usr/bin/python3 setup.py egg_info --egg-base ../../build/puzzlebot_ros build --build-base /home/puzzlebot/ros2_ws/build/puzzlebot_ros/build install --record /home/puzzlebot/ros2_ws/build/puzzlebot_ros/install.log --single-version-externally-managed
[9.650s] running egg_info
[9.654s] writing ../../build/puzzlebot_ros/puzzlebot_ros.egg-info/PKG-INFO
[9.656s] writing dependency_links to ../../build/puzzlebot_ros/puzzlebot_ros.egg-info/dependency_links.txt
[9.657s] writing entry points to ../../build/puzzlebot_ros/puzzlebot_ros.egg-info/entry_points.txt
[9.657s] writing requirements to ../../build/puzzlebot_ros/puzzlebot_ros.egg-info/requires.txt
[9.658s] writing top-level names to ../../build/puzzlebot_ros/puzzlebot_ros.egg-info/top_level.txt
[9.818s] reading manifest file '../../build/puzzlebot_ros/puzzlebot_ros.egg-info/SOURCES.txt'
[9.823s] writing manifest file '../../build/puzzlebot_ros/puzzlebot_ros.egg-info/SOURCES.txt'
[9.825s] running build
[9.825s] running build_py
[9.825s] creating /home/puzzlebot/ros2_ws/build/puzzlebot_ros/build
[9.826s] creating /home/puzzlebot/ros2_ws/build/puzzlebot_ros/build/lib
[9.826s] creating /home/puzzlebot/ros2_ws/build/puzzlebot_ros/build/lib/puzzlebot_ros
[9.826s] copying puzzlebot_ros/__init__.py -> /home/puzzlebot/ros2_ws/build/puzzlebot_ros/build/lib/puzzlebot_ros
[9.827s] running install
[9.829s] running install_lib
[9.832s] creating /home/puzzlebot/ros2_ws/install/puzzlebot_ros/lib/python3.8/site-packages/puzzlebot_ros
[9.833s] copying /home/puzzlebot/ros2_ws/build/puzzlebot_ros/build/lib/puzzlebot_ros/__init__.py -> /home/puzzlebot/ros2_ws/install/puzzlebot_ros/lib/python3.8/site-packages/puzzlebot_ros
[9.834s] byte-compiling /home/puzzlebot/ros2_ws/install/puzzlebot_ros/lib/python3.8/site-packages/puzzlebot_ros/__init__.py to __init__.cpython-38.pyc
[9.840s] running install_data
[9.842s] copying resource/puzzlebot_ros -> /home/puzzlebot/ros2_ws/install/puzzlebot_ros/share/ament_index/resource_index/packages
[9.843s] copying package.xml -> /home/puzzlebot/ros2_ws/install/puzzlebot_ros/share/puzzlebot_ros
[9.843s] running install_egg_info
[9.851s] Copying ../../build/puzzlebot_ros/puzzlebot_ros.egg-info to /home/puzzlebot/ros2_ws/install/puzzlebot_ros/lib/python3.8/site-packages/puzzlebot_ros-0.0.0-py3.8.egg-info
[9.856s] running install_scripts
[9.925s] writing list of installed files to '/home/puzzlebot/ros2_ws/build/puzzlebot_ros/install.log'
[10.028s] Invoked command in '/home/puzzlebot/ros2_ws/src/puzzlebot_ros' returned '0': PYTHONPATH=/home/puzzlebot/ros2_ws/build/puzzlebot_ros/prefix_override:/home/puzzlebot/ros2_ws/install/puzzlebot_ros/lib/python3.8/site-packages:${PYTHONPATH} /usr/bin/python3 setup.py egg_info --egg-base ../../build/puzzlebot_ros build --build-base /home/puzzlebot/ros2_ws/build/puzzlebot_ros/build install --record /home/puzzlebot/ros2_ws/build/puzzlebot_ros/install.log --single-version-externally-managed
