[0.181s] DEBUG:colcon:Command line arguments: ['/usr/bin/colcon', 'build', '--packages-select', 'week2_puzzlebot_control']
[0.181s] DEBUG:colcon:Parsed command line arguments: Namespace(log_base=None, log_level=None, verb_name='build', build_base='build', install_base='install', merge_install=False, symlink_install=False, test_result_base=None, continue_on_error=False, executor='parallel', parallel_workers=16, event_handlers=None, ignore_user_meta=False, metas=['./colcon.meta'], base_paths=['.'], packages_ignore=None, packages_ignore_regex=None, paths=None, packages_up_to=None, packages_up_to_regex=None, packages_above=None, packages_above_and_dependencies=None, packages_above_depth=None, packages_select_by_dep=None, packages_skip_by_dep=None, packages_skip_up_to=None, packages_select_build_failed=False, packages_skip_build_finished=False, packages_select_test_failures=False, packages_skip_test_passed=False, packages_select=['week2_puzzlebot_control'], packages_skip=None, packages_select_regex=None, packages_skip_regex=None, packages_start=None, packages_end=None, cmake_args=None, cmake_target=None, cmake_target_skip_unavailable=False, cmake_clean_cache=False, cmake_clean_first=False, cmake_force_configure=False, ament_cmake_args=None, catkin_cmake_args=None, catkin_skip_building_tests=False, mixin_files=None, mixin=None, verb_parser=<colcon_mixin.mixin.mixin_argument.MixinArgumentDecorator object at 0x75543c5d60b0>, verb_extension=<colcon_core.verb.build.BuildVerb object at 0x75543c7cf610>, main=<bound method BuildVerb.main of <colcon_core.verb.build.BuildVerb object at 0x75543c7cf610>>, mixin_verb=('build',))
[0.419s] Level 1:colcon.colcon_core.package_discovery:discover_packages(colcon_meta) check parameters
[0.420s] INFO:colcon.colcon_metadata.package_discovery.colcon_meta:Using configuration from '/root/.colcon/metadata/default/Gazebo.meta'
[0.421s] INFO:colcon.colcon_metadata.package_discovery.colcon_meta:Using configuration from '/root/.colcon/metadata/default/fastdds.meta'
[0.422s] INFO:colcon.colcon_metadata.package_discovery.colcon_meta:Using configuration from '/root/.colcon/metadata/default/fastrtps.meta'
[0.422s] Level 1:colcon.colcon_core.package_discovery:discover_packages(recursive) check parameters
[0.422s] Level 1:colcon.colcon_core.package_discovery:discover_packages(ignore) check parameters
[0.422s] Level 1:colcon.colcon_core.package_discovery:discover_packages(path) check parameters
[0.422s] Level 1:colcon.colcon_core.package_discovery:discover_packages(colcon_meta) discover
[0.422s] Level 1:colcon.colcon_core.package_discovery:discover_packages(recursive) discover
[0.422s] INFO:colcon.colcon_core.package_discovery:Crawling recursively for packages in '/root/dev_ws/src/manchester/te3002b_intelligent_robotics/week2'
[0.422s] Level 1:colcon.colcon_core.package_identification:_identify(.) by extensions ['ignore', 'ignore_ament_install']
[0.422s] Level 1:colcon.colcon_core.package_identification:_identify(.) by extension 'ignore'
[0.422s] Level 1:colcon.colcon_core.package_identification:_identify(.) by extension 'ignore_ament_install'
[0.422s] Level 1:colcon.colcon_core.package_identification:_identify(.) by extensions ['colcon_pkg']
[0.422s] Level 1:colcon.colcon_core.package_identification:_identify(.) by extension 'colcon_pkg'
[0.422s] Level 1:colcon.colcon_core.package_identification:_identify(.) by extensions ['colcon_meta']
[0.422s] Level 1:colcon.colcon_core.package_identification:_identify(.) by extension 'colcon_meta'
[0.423s] Level 1:colcon.colcon_core.package_identification:_identify(.) by extensions ['ros']
[0.423s] Level 1:colcon.colcon_core.package_identification:_identify(.) by extension 'ros'
[0.446s] Level 1:colcon.colcon_core.package_identification:_identify(.) by extensions ['cmake', 'python']
[0.446s] Level 1:colcon.colcon_core.package_identification:_identify(.) by extension 'cmake'
[0.447s] Level 1:colcon.colcon_core.package_identification:_identify(.) by extension 'python'
[0.447s] Level 1:colcon.colcon_core.package_identification:_identify(.) by extensions ['python_setup_py']
[0.447s] Level 1:colcon.colcon_core.package_identification:_identify(.) by extension 'python_setup_py'
[0.447s] Level 1:colcon.colcon_core.package_identification:_identify(build) by extensions ['ignore', 'ignore_ament_install']
[0.447s] Level 1:colcon.colcon_core.package_identification:_identify(build) by extension 'ignore'
[0.447s] Level 1:colcon.colcon_core.package_identification:_identify(build) ignored
[0.447s] Level 1:colcon.colcon_core.package_identification:_identify(install) by extensions ['ignore', 'ignore_ament_install']
[0.447s] Level 1:colcon.colcon_core.package_identification:_identify(install) by extension 'ignore'
[0.447s] Level 1:colcon.colcon_core.package_identification:_identify(install) ignored
[0.448s] Level 1:colcon.colcon_core.package_identification:_identify(log) by extensions ['ignore', 'ignore_ament_install']
[0.448s] Level 1:colcon.colcon_core.package_identification:_identify(log) by extension 'ignore'
[0.448s] Level 1:colcon.colcon_core.package_identification:_identify(log) ignored
[0.448s] Level 1:colcon.colcon_core.package_identification:_identify(week2_puzzlebot_control) by extensions ['ignore', 'ignore_ament_install']
[0.448s] Level 1:colcon.colcon_core.package_identification:_identify(week2_puzzlebot_control) by extension 'ignore'
[0.448s] Level 1:colcon.colcon_core.package_identification:_identify(week2_puzzlebot_control) by extension 'ignore_ament_install'
[0.448s] Level 1:colcon.colcon_core.package_identification:_identify(week2_puzzlebot_control) by extensions ['colcon_pkg']
[0.448s] Level 1:colcon.colcon_core.package_identification:_identify(week2_puzzlebot_control) by extension 'colcon_pkg'
[0.448s] Level 1:colcon.colcon_core.package_identification:_identify(week2_puzzlebot_control) by extensions ['colcon_meta']
[0.448s] Level 1:colcon.colcon_core.package_identification:_identify(week2_puzzlebot_control) by extension 'colcon_meta'
[0.448s] Level 1:colcon.colcon_core.package_identification:_identify(week2_puzzlebot_control) by extensions ['ros']
[0.448s] Level 1:colcon.colcon_core.package_identification:_identify(week2_puzzlebot_control) by extension 'ros'
[0.453s] DEBUG:colcon.colcon_core.package_identification:Package 'week2_puzzlebot_control' with type 'ros.ament_python' and name 'week2_puzzlebot_control'
[0.453s] Level 1:colcon.colcon_core.package_discovery:discover_packages(recursive) using defaults
[0.453s] Level 1:colcon.colcon_core.package_discovery:discover_packages(ignore) discover
[0.453s] Level 1:colcon.colcon_core.package_discovery:discover_packages(ignore) using defaults
[0.453s] Level 1:colcon.colcon_core.package_discovery:discover_packages(path) discover
[0.453s] Level 1:colcon.colcon_core.package_discovery:discover_packages(path) using defaults
[0.500s] Level 5:colcon.colcon_core.verb:set package 'week2_puzzlebot_control' build argument 'cmake_args' from command line to 'None'
[0.500s] Level 5:colcon.colcon_core.verb:set package 'week2_puzzlebot_control' build argument 'cmake_target' from command line to 'None'
[0.500s] Level 5:colcon.colcon_core.verb:set package 'week2_puzzlebot_control' build argument 'cmake_target_skip_unavailable' from command line to 'False'
[0.500s] Level 5:colcon.colcon_core.verb:set package 'week2_puzzlebot_control' build argument 'cmake_clean_cache' from command line to 'False'
[0.500s] Level 5:colcon.colcon_core.verb:set package 'week2_puzzlebot_control' build argument 'cmake_clean_first' from command line to 'False'
[0.500s] Level 5:colcon.colcon_core.verb:set package 'week2_puzzlebot_control' build argument 'cmake_force_configure' from command line to 'False'
[0.500s] Level 5:colcon.colcon_core.verb:set package 'week2_puzzlebot_control' build argument 'ament_cmake_args' from command line to 'None'
[0.500s] Level 5:colcon.colcon_core.verb:set package 'week2_puzzlebot_control' build argument 'catkin_cmake_args' from command line to 'None'
[0.500s] Level 5:colcon.colcon_core.verb:set package 'week2_puzzlebot_control' build argument 'catkin_skip_building_tests' from command line to 'False'
[0.500s] DEBUG:colcon.colcon_core.verb:Building package 'week2_puzzlebot_control' with the following arguments: {'ament_cmake_args': None, 'build_base': '/root/dev_ws/src/manchester/te3002b_intelligent_robotics/week2/build/week2_puzzlebot_control', 'catkin_cmake_args': None, 'catkin_skip_building_tests': False, 'cmake_args': None, 'cmake_clean_cache': False, 'cmake_clean_first': False, 'cmake_force_configure': False, 'cmake_target': None, 'cmake_target_skip_unavailable': False, 'install_base': '/root/dev_ws/src/manchester/te3002b_intelligent_robotics/week2/install/week2_puzzlebot_control', 'merge_install': False, 'path': '/root/dev_ws/src/manchester/te3002b_intelligent_robotics/week2/week2_puzzlebot_control', 'symlink_install': False, 'test_result_base': None}
[0.501s] INFO:colcon.colcon_core.executor:Executing jobs using 'parallel' executor
[0.503s] DEBUG:colcon.colcon_parallel_executor.executor.parallel:run_until_complete
[0.504s] INFO:colcon.colcon_ros.task.ament_python.build:Building ROS package in '/root/dev_ws/src/manchester/te3002b_intelligent_robotics/week2/week2_puzzlebot_control' with build type 'ament_python'
[0.504s] Level 1:colcon.colcon_core.shell:create_environment_hook('week2_puzzlebot_control', 'ament_prefix_path')
[0.510s] INFO:colcon.colcon_core.plugin_system:Skipping extension 'colcon_core.shell.bat': Not used on non-Windows systems
[0.510s] INFO:colcon.colcon_core.shell:Creating environment hook '/root/dev_ws/src/manchester/te3002b_intelligent_robotics/week2/install/week2_puzzlebot_control/share/week2_puzzlebot_control/hook/ament_prefix_path.ps1'
[0.511s] INFO:colcon.colcon_core.shell:Creating environment descriptor '/root/dev_ws/src/manchester/te3002b_intelligent_robotics/week2/install/week2_puzzlebot_control/share/week2_puzzlebot_control/hook/ament_prefix_path.dsv'
[0.513s] INFO:colcon.colcon_core.shell:Creating environment hook '/root/dev_ws/src/manchester/te3002b_intelligent_robotics/week2/install/week2_puzzlebot_control/share/week2_puzzlebot_control/hook/ament_prefix_path.sh'
[0.516s] INFO:colcon.colcon_core.shell:Skip shell extension 'powershell' for command environment: Not usable outside of PowerShell
[0.516s] DEBUG:colcon.colcon_core.shell:Skip shell extension 'dsv' for command environment
[0.846s] INFO:colcon.colcon_core.task.python.build:Building Python package in '/root/dev_ws/src/manchester/te3002b_intelligent_robotics/week2/week2_puzzlebot_control'
[0.847s] INFO:colcon.colcon_core.shell:Skip shell extension 'powershell' for command environment: Not usable outside of PowerShell
[0.847s] DEBUG:colcon.colcon_core.shell:Skip shell extension 'dsv' for command environment
[1.560s] DEBUG:colcon.colcon_core.event_handler.log_command:Invoking command in '/root/dev_ws/src/manchester/te3002b_intelligent_robotics/week2/week2_puzzlebot_control': PYTHONPATH=/root/dev_ws/src/manchester/te3002b_intelligent_robotics/week2/build/week2_puzzlebot_control/prefix_override:/usr/lib/python3/dist-packages/colcon_core/task/python/colcon_distutils_commands:/root/dev_ws/src/manchester/te3002b_intelligent_robotics/week2/install/week2_puzzlebot_control/lib/python3.10/site-packages:${PYTHONPATH} /usr/bin/python3 -W ignore:setup.py install is deprecated -W ignore:easy_install command is deprecated setup.py egg_info --egg-base ../build/week2_puzzlebot_control build --build-base /root/dev_ws/src/manchester/te3002b_intelligent_robotics/week2/build/week2_puzzlebot_control/build install --record /root/dev_ws/src/manchester/te3002b_intelligent_robotics/week2/build/week2_puzzlebot_control/install.log --single-version-externally-managed install_data
[1.964s] DEBUG:colcon.colcon_core.event_handler.log_command:Invoked command in '/root/dev_ws/src/manchester/te3002b_intelligent_robotics/week2/week2_puzzlebot_control' returned '0': PYTHONPATH=/root/dev_ws/src/manchester/te3002b_intelligent_robotics/week2/build/week2_puzzlebot_control/prefix_override:/usr/lib/python3/dist-packages/colcon_core/task/python/colcon_distutils_commands:/root/dev_ws/src/manchester/te3002b_intelligent_robotics/week2/install/week2_puzzlebot_control/lib/python3.10/site-packages:${PYTHONPATH} /usr/bin/python3 -W ignore:setup.py install is deprecated -W ignore:easy_install command is deprecated setup.py egg_info --egg-base ../build/week2_puzzlebot_control build --build-base /root/dev_ws/src/manchester/te3002b_intelligent_robotics/week2/build/week2_puzzlebot_control/build install --record /root/dev_ws/src/manchester/te3002b_intelligent_robotics/week2/build/week2_puzzlebot_control/install.log --single-version-externally-managed install_data
[1.972s] Level 1:colcon.colcon_core.environment:checking '/root/dev_ws/src/manchester/te3002b_intelligent_robotics/week2/install/week2_puzzlebot_control' for CMake module files
[1.973s] Level 1:colcon.colcon_core.environment:checking '/root/dev_ws/src/manchester/te3002b_intelligent_robotics/week2/install/week2_puzzlebot_control' for CMake config files
[1.974s] Level 1:colcon.colcon_core.environment:checking '/root/dev_ws/src/manchester/te3002b_intelligent_robotics/week2/install/week2_puzzlebot_control/lib'
[1.974s] Level 1:colcon.colcon_core.environment:checking '/root/dev_ws/src/manchester/te3002b_intelligent_robotics/week2/install/week2_puzzlebot_control/bin'
[1.974s] Level 1:colcon.colcon_core.environment:checking '/root/dev_ws/src/manchester/te3002b_intelligent_robotics/week2/install/week2_puzzlebot_control/lib/pkgconfig/week2_puzzlebot_control.pc'
[1.975s] Level 1:colcon.colcon_core.environment:checking '/root/dev_ws/src/manchester/te3002b_intelligent_robotics/week2/install/week2_puzzlebot_control/lib/python3.10/site-packages'
[1.975s] Level 1:colcon.colcon_core.shell:create_environment_hook('week2_puzzlebot_control', 'pythonpath')
[1.975s] INFO:colcon.colcon_core.shell:Creating environment hook '/root/dev_ws/src/manchester/te3002b_intelligent_robotics/week2/install/week2_puzzlebot_control/share/week2_puzzlebot_control/hook/pythonpath.ps1'
[1.976s] INFO:colcon.colcon_core.shell:Creating environment descriptor '/root/dev_ws/src/manchester/te3002b_intelligent_robotics/week2/install/week2_puzzlebot_control/share/week2_puzzlebot_control/hook/pythonpath.dsv'
[1.976s] INFO:colcon.colcon_core.shell:Creating environment hook '/root/dev_ws/src/manchester/te3002b_intelligent_robotics/week2/install/week2_puzzlebot_control/share/week2_puzzlebot_control/hook/pythonpath.sh'
[1.977s] Level 1:colcon.colcon_core.environment:checking '/root/dev_ws/src/manchester/te3002b_intelligent_robotics/week2/install/week2_puzzlebot_control/bin'
[1.978s] Level 1:colcon.colcon_core.environment:create_environment_scripts_only(week2_puzzlebot_control)
[1.978s] INFO:colcon.colcon_core.shell:Creating package script '/root/dev_ws/src/manchester/te3002b_intelligent_robotics/week2/install/week2_puzzlebot_control/share/week2_puzzlebot_control/package.ps1'
[1.979s] INFO:colcon.colcon_core.shell:Creating package descriptor '/root/dev_ws/src/manchester/te3002b_intelligent_robotics/week2/install/week2_puzzlebot_control/share/week2_puzzlebot_control/package.dsv'
[1.980s] INFO:colcon.colcon_core.shell:Creating package script '/root/dev_ws/src/manchester/te3002b_intelligent_robotics/week2/install/week2_puzzlebot_control/share/week2_puzzlebot_control/package.sh'
[1.981s] INFO:colcon.colcon_core.shell:Creating package script '/root/dev_ws/src/manchester/te3002b_intelligent_robotics/week2/install/week2_puzzlebot_control/share/week2_puzzlebot_control/package.bash'
[1.982s] INFO:colcon.colcon_core.shell:Creating package script '/root/dev_ws/src/manchester/te3002b_intelligent_robotics/week2/install/week2_puzzlebot_control/share/week2_puzzlebot_control/package.zsh'
[1.983s] Level 1:colcon.colcon_core.environment:create_file_with_runtime_dependencies(/root/dev_ws/src/manchester/te3002b_intelligent_robotics/week2/install/week2_puzzlebot_control/share/colcon-core/packages/week2_puzzlebot_control)
[1.983s] DEBUG:colcon.colcon_parallel_executor.executor.parallel:closing loop
[1.984s] DEBUG:colcon.colcon_parallel_executor.executor.parallel:loop closed
[1.984s] DEBUG:colcon.colcon_parallel_executor.executor.parallel:run_until_complete finished with '0'
[1.984s] DEBUG:colcon.colcon_core.event_reactor:joining thread
[2.009s] INFO:colcon.colcon_core.plugin_system:Skipping extension 'colcon_notification.desktop_notification.notify_send': Could not find 'notify-send'
[2.010s] INFO:colcon.colcon_core.plugin_system:Skipping extension 'colcon_notification.desktop_notification.terminal_notifier': Not used on non-Darwin systems
[2.010s] INFO:colcon.colcon_core.plugin_system:Skipping extension 'colcon_notification.desktop_notification.win32': Not used on non-Windows systems
[2.010s] INFO:colcon.colcon_notification.desktop_notification:Sending desktop notification using 'notify2'
[2.013s] DEBUG:colcon.colcon_notification.desktop_notification.notify2:Failed to initialize notify2: org.freedesktop.DBus.Error.Spawn.ExecFailed: /usr/bin/dbus-launch terminated abnormally without any error message
[2.014s] DEBUG:colcon.colcon_core.event_reactor:joined thread
[2.014s] INFO:colcon.colcon_core.shell:Creating prefix script '/root/dev_ws/src/manchester/te3002b_intelligent_robotics/week2/install/local_setup.ps1'
[2.016s] INFO:colcon.colcon_core.shell:Creating prefix util module '/root/dev_ws/src/manchester/te3002b_intelligent_robotics/week2/install/_local_setup_util_ps1.py'
[2.018s] INFO:colcon.colcon_core.shell:Creating prefix chain script '/root/dev_ws/src/manchester/te3002b_intelligent_robotics/week2/install/setup.ps1'
[2.020s] INFO:colcon.colcon_core.shell:Creating prefix script '/root/dev_ws/src/manchester/te3002b_intelligent_robotics/week2/install/local_setup.sh'
[2.021s] INFO:colcon.colcon_core.shell:Creating prefix util module '/root/dev_ws/src/manchester/te3002b_intelligent_robotics/week2/install/_local_setup_util_sh.py'
[2.021s] INFO:colcon.colcon_core.shell:Creating prefix chain script '/root/dev_ws/src/manchester/te3002b_intelligent_robotics/week2/install/setup.sh'
[2.023s] INFO:colcon.colcon_core.shell:Creating prefix script '/root/dev_ws/src/manchester/te3002b_intelligent_robotics/week2/install/local_setup.bash'
[2.024s] INFO:colcon.colcon_core.shell:Creating prefix chain script '/root/dev_ws/src/manchester/te3002b_intelligent_robotics/week2/install/setup.bash'
[2.026s] INFO:colcon.colcon_core.shell:Creating prefix script '/root/dev_ws/src/manchester/te3002b_intelligent_robotics/week2/install/local_setup.zsh'
[2.027s] INFO:colcon.colcon_core.shell:Creating prefix chain script '/root/dev_ws/src/manchester/te3002b_intelligent_robotics/week2/install/setup.zsh'
