running egg_info
writing ../build/week2_puzzlebot_control/week2_puzzlebot_control.egg-info/PKG-INFO
writing dependency_links to ../build/week2_puzzlebot_control/week2_puzzlebot_control.egg-info/dependency_links.txt
writing entry points to ../build/week2_puzzlebot_control/week2_puzzlebot_control.egg-info/entry_points.txt
writing requirements to ../build/week2_puzzlebot_control/week2_puzzlebot_control.egg-info/requires.txt
writing top-level names to ../build/week2_puzzlebot_control/week2_puzzlebot_control.egg-info/top_level.txt
reading manifest file '../build/week2_puzzlebot_control/week2_puzzlebot_control.egg-info/SOURCES.txt'
writing manifest file '../build/week2_puzzlebot_control/week2_puzzlebot_control.egg-info/SOURCES.txt'
running build
running build_py
copying week2_puzzlebot_control/open_loop_square.py -> /root/dev_ws/src/manchester/te3002b_intelligent_robotics/week2/build/week2_puzzlebot_control/build/lib/week2_puzzlebot_control
running install
running install_lib
copying /root/dev_ws/src/manchester/te3002b_intelligent_robotics/week2/build/week2_puzzlebot_control/build/lib/week2_puzzlebot_control/open_loop_square.py -> /root/dev_ws/src/manchester/te3002b_intelligent_robotics/week2/install/week2_puzzlebot_control/lib/python3.10/site-packages/week2_puzzlebot_control
byte-compiling /root/dev_ws/src/manchester/te3002b_intelligent_robotics/week2/install/week2_puzzlebot_control/lib/python3.10/site-packages/week2_puzzlebot_control/open_loop_square.py to open_loop_square.cpython-310.pyc
running install_data
running install_egg_info
removing '/root/dev_ws/src/manchester/te3002b_intelligent_robotics/week2/install/week2_puzzlebot_control/lib/python3.10/site-packages/week2_puzzlebot_control-0.0.0-py3.10.egg-info' (and everything under it)
Copying ../build/week2_puzzlebot_control/week2_puzzlebot_control.egg-info to /root/dev_ws/src/manchester/te3002b_intelligent_robotics/week2/install/week2_puzzlebot_control/lib/python3.10/site-packages/week2_puzzlebot_control-0.0.0-py3.10.egg-info
running install_scripts
Installing open_loop_square script to /root/dev_ws/src/manchester/te3002b_intelligent_robotics/week2/install/week2_puzzlebot_control/lib/week2_puzzlebot_control
Installing path_generator script to /root/dev_ws/src/manchester/te3002b_intelligent_robotics/week2/install/week2_puzzlebot_control/lib/week2_puzzlebot_control
Installing waypoint_follower script to /root/dev_ws/src/manchester/te3002b_intelligent_robotics/week2/install/week2_puzzlebot_control/lib/week2_puzzlebot_control
writing list of installed files to '/root/dev_ws/src/manchester/te3002b_intelligent_robotics/week2/build/week2_puzzlebot_control/install.log'
