[1.055s] Invoking command in '/root/dev_ws/src/manchester/te3002b_intelligent_robotics/week2/week2_puzzlebot_control': PYTHONPATH=/root/dev_ws/src/manchester/te3002b_intelligent_robotics/week2/build/week2_puzzlebot_control/prefix_override:/usr/lib/python3/dist-packages/colcon_core/task/python/colcon_distutils_commands:/root/dev_ws/src/manchester/te3002b_intelligent_robotics/week2/install/week2_puzzlebot_control/lib/python3.10/site-packages:${PYTHONPATH} /usr/bin/python3 -W ignore:setup.py install is deprecated -W ignore:easy_install command is deprecated setup.py egg_info --egg-base ../build/week2_puzzlebot_control build --build-base /root/dev_ws/src/manchester/te3002b_intelligent_robotics/week2/build/week2_puzzlebot_control/build install --record /root/dev_ws/src/manchester/te3002b_intelligent_robotics/week2/build/week2_puzzlebot_control/install.log --single-version-externally-managed install_data
[1.387s] running egg_info
[1.387s] writing ../build/week2_puzzlebot_control/week2_puzzlebot_control.egg-info/PKG-INFO
[1.387s] writing dependency_links to ../build/week2_puzzlebot_control/week2_puzzlebot_control.egg-info/dependency_links.txt
[1.388s] writing entry points to ../build/week2_puzzlebot_control/week2_puzzlebot_control.egg-info/entry_points.txt
[1.388s] writing requirements to ../build/week2_puzzlebot_control/week2_puzzlebot_control.egg-info/requires.txt
[1.388s] writing top-level names to ../build/week2_puzzlebot_control/week2_puzzlebot_control.egg-info/top_level.txt
[1.390s] reading manifest file '../build/week2_puzzlebot_control/week2_puzzlebot_control.egg-info/SOURCES.txt'
[1.391s] writing manifest file '../build/week2_puzzlebot_control/week2_puzzlebot_control.egg-info/SOURCES.txt'
[1.391s] running build
[1.391s] running build_py
[1.392s] copying week2_puzzlebot_control/open_loop_square.py -> /root/dev_ws/src/manchester/te3002b_intelligent_robotics/week2/build/week2_puzzlebot_control/build/lib/week2_puzzlebot_control
[1.392s] running install
[1.392s] running install_lib
[1.393s] copying /root/dev_ws/src/manchester/te3002b_intelligent_robotics/week2/build/week2_puzzlebot_control/build/lib/week2_puzzlebot_control/open_loop_square.py -> /root/dev_ws/src/manchester/te3002b_intelligent_robotics/week2/install/week2_puzzlebot_control/lib/python3.10/site-packages/week2_puzzlebot_control
[1.394s] byte-compiling /root/dev_ws/src/manchester/te3002b_intelligent_robotics/week2/install/week2_puzzlebot_control/lib/python3.10/site-packages/week2_puzzlebot_control/open_loop_square.py to open_loop_square.cpython-310.pyc
[1.396s] running install_data
[1.396s] running install_egg_info
[1.399s] removing '/root/dev_ws/src/manchester/te3002b_intelligent_robotics/week2/install/week2_puzzlebot_control/lib/python3.10/site-packages/week2_puzzlebot_control-0.0.0-py3.10.egg-info' (and everything under it)
[1.399s] Copying ../build/week2_puzzlebot_control/week2_puzzlebot_control.egg-info to /root/dev_ws/src/manchester/te3002b_intelligent_robotics/week2/install/week2_puzzlebot_control/lib/python3.10/site-packages/week2_puzzlebot_control-0.0.0-py3.10.egg-info
[1.400s] running install_scripts
[1.427s] Installing open_loop_square script to /root/dev_ws/src/manchester/te3002b_intelligent_robotics/week2/install/week2_puzzlebot_control/lib/week2_puzzlebot_control
[1.428s] Installing path_generator script to /root/dev_ws/src/manchester/te3002b_intelligent_robotics/week2/install/week2_puzzlebot_control/lib/week2_puzzlebot_control
[1.428s] Installing waypoint_follower script to /root/dev_ws/src/manchester/te3002b_intelligent_robotics/week2/install/week2_puzzlebot_control/lib/week2_puzzlebot_control
[1.428s] writing list of installed files to '/root/dev_ws/src/manchester/te3002b_intelligent_robotics/week2/build/week2_puzzlebot_control/install.log'
[1.459s] Invoked command in '/root/dev_ws/src/manchester/te3002b_intelligent_robotics/week2/week2_puzzlebot_control' returned '0': PYTHONPATH=/root/dev_ws/src/manchester/te3002b_intelligent_robotics/week2/build/week2_puzzlebot_control/prefix_override:/usr/lib/python3/dist-packages/colcon_core/task/python/colcon_distutils_commands:/root/dev_ws/src/manchester/te3002b_intelligent_robotics/week2/install/week2_puzzlebot_control/lib/python3.10/site-packages:${PYTHONPATH} /usr/bin/python3 -W ignore:setup.py install is deprecated -W ignore:easy_install command is deprecated setup.py egg_info --egg-base ../build/week2_puzzlebot_control build --build-base /root/dev_ws/src/manchester/te3002b_intelligent_robotics/week2/build/week2_puzzlebot_control/build install --record /root/dev_ws/src/manchester/te3002b_intelligent_robotics/week2/build/week2_puzzlebot_control/install.log --single-version-externally-managed install_data
