[5.028s] Invoking command in '/home/puzzlebot/ros2_ws/build/puzzlebot_ros': PYTHONPATH=/home/puzzlebot/ros2_ws/build/puzzlebot_ros/prefix_override:/home/puzzlebot/ros2_ws/install/puzzlebot_ros/lib/python3.8/site-packages:${PYTHONPATH} /usr/bin/python3 setup.py develop --editable --build-directory /home/puzzlebot/ros2_ws/build/puzzlebot_ros/build --no-deps install_data
[6.078s] running develop
[6.795s] running egg_info
[6.797s] writing puzzlebot_ros.egg-info/PKG-INFO
[6.798s] writing dependency_links to puzzlebot_ros.egg-info/dependency_links.txt
[6.798s] writing entry points to puzzlebot_ros.egg-info/entry_points.txt
[6.798s] writing requirements to puzzlebot_ros.egg-info/requires.txt
[6.799s] writing top-level names to puzzlebot_ros.egg-info/top_level.txt
[6.941s] reading manifest file 'puzzlebot_ros.egg-info/SOURCES.txt'
[6.945s] writing manifest file 'puzzlebot_ros.egg-info/SOURCES.txt'
[7.139s] running build_ext
[7.140s] Creating /home/puzzlebot/ros2_ws/install/puzzlebot_ros/lib/python3.8/site-packages/puzzlebot-ros.egg-link (link to .)
[7.143s] Installing distance_control script to /home/puzzlebot/ros2_ws/install/puzzlebot_ros/lib/puzzlebot_ros
[7.144s] Installing goto_point script to /home/puzzlebot/ros2_ws/install/puzzlebot_ros/lib/puzzlebot_ros
[7.144s] Installing kalman script to /home/puzzlebot/ros2_ws/install/puzzlebot_ros/lib/puzzlebot_ros
[7.145s] Installing kalman_aruco script to /home/puzzlebot/ros2_ws/install/puzzlebot_ros/lib/puzzlebot_ros
[7.145s] Installing pwm_control script to /home/puzzlebot/ros2_ws/install/puzzlebot_ros/lib/puzzlebot_ros
[7.146s] Installing test_imu script to /home/puzzlebot/ros2_ws/install/puzzlebot_ros/lib/puzzlebot_ros
[7.146s] Installing velocity_control script to /home/puzzlebot/ros2_ws/install/puzzlebot_ros/lib/puzzlebot_ros
[7.147s] 
[7.147s] Installed /home/puzzlebot/ros2_ws/build/puzzlebot_ros
[7.147s] running install_data
[7.148s] copying launch/camera_jetson.launch.py -> /home/puzzlebot/ros2_ws/install/puzzlebot_ros/share/puzzlebot_ros
[7.271s] Invoked command in '/home/puzzlebot/ros2_ws/build/puzzlebot_ros' returned '0': PYTHONPATH=/home/puzzlebot/ros2_ws/build/puzzlebot_ros/prefix_override:/home/puzzlebot/ros2_ws/install/puzzlebot_ros/lib/python3.8/site-packages:${PYTHONPATH} /usr/bin/python3 setup.py develop --editable --build-directory /home/puzzlebot/ros2_ws/build/puzzlebot_ros/build --no-deps install_data
