[5.240s] Invoking command in '/home/puzzlebot/ros2_ws/build/puzzlebot_ros': PYTHONPATH=/home/puzzlebot/ros2_ws/build/puzzlebot_ros/prefix_override:/home/puzzlebot/ros2_ws/install/puzzlebot_ros/lib/python3.8/site-packages:${PYTHONPATH} /usr/bin/python3 setup.py develop --editable --build-directory /home/puzzlebot/ros2_ws/build/puzzlebot_ros/build --no-deps install_data
[6.301s] running develop
[7.018s] running egg_info
[7.019s] writing puzzlebot_ros.egg-info/PKG-INFO
[7.020s] writing dependency_links to puzzlebot_ros.egg-info/dependency_links.txt
[7.020s] writing entry points to puzzlebot_ros.egg-info/entry_points.txt
[7.021s] writing requirements to puzzlebot_ros.egg-info/requires.txt
[7.021s] writing top-level names to puzzlebot_ros.egg-info/top_level.txt
[7.164s] reading manifest file 'puzzlebot_ros.egg-info/SOURCES.txt'
[7.170s] writing manifest file 'puzzlebot_ros.egg-info/SOURCES.txt'
[7.366s] running build_ext
[7.370s] Creating /home/puzzlebot/ros2_ws/install/puzzlebot_ros/lib/python3.8/site-packages/puzzlebot-ros.egg-link (link to .)
[7.373s] Installing distance_control script to /home/puzzlebot/ros2_ws/install/puzzlebot_ros/lib/puzzlebot_ros
[7.373s] Installing goto_point script to /home/puzzlebot/ros2_ws/install/puzzlebot_ros/lib/puzzlebot_ros
[7.374s] Installing kalman script to /home/puzzlebot/ros2_ws/install/puzzlebot_ros/lib/puzzlebot_ros
[7.375s] Installing kalman_aruco script to /home/puzzlebot/ros2_ws/install/puzzlebot_ros/lib/puzzlebot_ros
[7.375s] Installing pwm_control script to /home/puzzlebot/ros2_ws/install/puzzlebot_ros/lib/puzzlebot_ros
[7.375s] Installing test_imu script to /home/puzzlebot/ros2_ws/install/puzzlebot_ros/lib/puzzlebot_ros
[7.376s] Installing velocity_control script to /home/puzzlebot/ros2_ws/install/puzzlebot_ros/lib/puzzlebot_ros
[7.376s] 
[7.377s] Installed /home/puzzlebot/ros2_ws/build/puzzlebot_ros
[7.377s] running install_data
[7.377s] copying launch/marker_publisher.launch.py -> /home/puzzlebot/ros2_ws/install/puzzlebot_ros/share/puzzlebot_ros
[7.502s] Invoked command in '/home/puzzlebot/ros2_ws/build/puzzlebot_ros' returned '0': PYTHONPATH=/home/puzzlebot/ros2_ws/build/puzzlebot_ros/prefix_override:/home/puzzlebot/ros2_ws/install/puzzlebot_ros/lib/python3.8/site-packages:${PYTHONPATH} /usr/bin/python3 setup.py develop --editable --build-directory /home/puzzlebot/ros2_ws/build/puzzlebot_ros/build --no-deps install_data
